{
  "RSpec": {
    "coverage": {
      "/home/aaronkkelton-46743/code/labs/tic-tac-toe-rb-cb-000/lib/tic_tac_toe.rb": [
        null,
        1,
        null,
        null,
        null,
        null,
        null,
        null,
        null,
        null,
        null,
        null,
        1,
        24,
        24,
        24,
        24,
        24,
        null,
        null,
        1,
        23,
        null,
        null,
        1,
        22,
        null,
        null,
        1,
        54,
        null,
        null,
        1,
        23,
        null,
        null,
        1,
        21,
        21,
        189,
        31,
        null,
        null,
        21,
        null,
        null,
        1,
        null,
        null,
        20,
        20,
        null,
        null,
        1,
        20,
        20,
        20,
        20,
        19,
        19,
        19,
        null,
        1,
        null,
        null,
        null,
        1,
        53,
        11,
        42,
        35,
        null,
        7,
        null,
        null,
        null,
        1,
        53,
        147,
        null,
        null,
        null,
        1,
        0,
        0,
        null,
        null,
        null,
        1,
        7,
        7,
        10,
        29,
        21,
        null,
        29,
        7,
        null,
        null,
        null,
        null,
        null,
        1,
        24,
        89,
        null,
        null,
        null,
        1,
        25,
        2,
        23,
        3,
        null,
        null,
        null,
        1,
        87,
        null,
        null,
        1,
        81,
        6,
        75,
        0,
        75,
        3,
        72,
        0,
        72,
        0,
        72,
        4,
        68,
        1,
        67,
        3,
        null,
        64,
        null,
        null,
        null,
        1,
        21,
        3,
        18,
        5,
        null,
        13,
        null,
        null,
        null,
        1,
        null,
        7,
        null,
        null,
        null,
        null,
        null,
        null,
        4,
        null,
        3,
        null,
        null,
        null,
        null,
        null,
        null,
        2,
        null,
        null,
        null,
        null,
        1,
        12,
        12,
        17,
        17,
        null,
        12,
        5,
        null,
        7,
        3,
        null,
        null
      ]
    },
    "timestamp": 1487791262
  }
}
