{
  "RSpec": {
    "coverage": {
      "/home/kylemuch-42756/code/labs/tic-tac-toe-rb-cb-000/lib/tic_tac_toe.rb": [
        1,
        null,
        null,
        null,
        null,
        null,
        null,
        null,
        null,
        null,
        null,
        1,
        null,
        1,
        null,
        18,
        18,
        18,
        18,
        18,
        null,
        null,
        1,
        20,
        null,
        null,
        1,
        19,
        null,
        null,
        1,
        24,
        null,
        null,
        1,
        20,
        1,
        19,
        2,
        null,
        17,
        null,
        null,
        null,
        1,
        18,
        18,
        162,
        27,
        null,
        null,
        18,
        null,
        null,
        1,
        17,
        4,
        null,
        13,
        null,
        null,
        null,
        1,
        17,
        17,
        17,
        17,
        17,
        16,
        16,
        null,
        1,
        1,
        null,
        null,
        null,
        null,
        1,
        135,
        989,
        24,
        null,
        null,
        111,
        null,
        null,
        1,
        250,
        7,
        null,
        45,
        null,
        null,
        null,
        1,
        32,
        6,
        null,
        26,
        null,
        null,
        null,
        1,
        32,
        7,
        25,
        4,
        21,
        0,
        null,
        null,
        null,
        1,
        7,
        6,
        null,
        null,
        null,
        null,
        null,
        1,
        38,
        14,
        null,
        12,
        5,
        7,
        3,
        null,
        null
      ]
    },
    "timestamp": 1484267680
  }
}
